<?xml version="1.0" encoding="UTF-8"?>
<!-- Generated by org.testng.reporters.JUnitXMLReporter -->
<testsuite ignored="0" hostname="DESKTOP-V215THB" failures="1" tests="1" name="Test" time="7.717" errors="0" timestamp="2022-11-01T01:52:32 IST">
  <testcase classname="TestMethods.MainScript" name="@AfterTest closeBrowser" time="0.002">
    <failure type="java.lang.NullPointerException" message="Cannot invoke &amp;quot;org.openqa.selenium.WebDriver.close()&amp;quot; because &amp;quot;this.driver&amp;quot; is null">
      <![CDATA[java.lang.NullPointerException: Cannot invoke "org.openqa.selenium.WebDriver.close()" because "this.driver" is null
at TestMethods.MainScript.closeBrowser(MainScript.java:39)
... Removed 22 stack frames]]>
    </failure>
  </testcase> <!-- @AfterTest closeBrowser -->
  <testcase classname="TestMethods.MainScript" name="LoginToCorrectPage" time="0.015">
    <failure type="java.lang.NullPointerException" message="Cannot invoke &amp;quot;org.openqa.selenium.WebDriver.findElement(org.openqa.selenium.By)&amp;quot; because &amp;quot;this.driver&amp;quot; is null">
      <![CDATA[java.lang.NullPointerException: Cannot invoke "org.openqa.selenium.WebDriver.findElement(org.openqa.selenium.By)" because "this.driver" is null
at Objects.LoginHomePage.setUserId(LoginHomePage.java:22)
at Objects.LoginHomePage.login(LoginHomePage.java:37)
at TestMethods.MainScript.LoginToCorrectPage(MainScript.java:33)
at java.base/java.util.ArrayList.forEach(ArrayList.java:1511)
... Removed 25 stack frames]]>
    </failure>
  </testcase> <!-- LoginToCorrectPage -->
</testsuite> <!-- Test -->
